0    [main] INFO  com.vod.project.Client  - Nowa cena dla: O_polnocy_w_Paryzu powinna zostaæ ustawiona!.
0    [main] INFO  com.vod.project.Client  - Nowa cena dla: Operacja_Geronimo powinna zostaæ ustawiona!.
0    [main] INFO  com.vod.project.Client  - Usuniêto: O_polnocy_w_Paryzu
0    [main] ERROR com.vod.project.Main  - com.vod.project.PriceException: Cena nie mo¿e byæ ni¿sza ni¿ 0
0    [main] FATAL com.vod.project.Main  - com.vod.project.PriceException: Cena nie mo¿e byæ ni¿sza ni¿ 0
0    [main] INFO  com.vod.project.Main  - com.vod.project.PriceException: Cena nie mo¿e byæ ni¿sza ni¿ 0
0    [main] WARN  com.vod.project.Main  - com.vod.project.PriceException: Cena nie mo¿e byæ ni¿sza ni¿ 0
0    [main] INFO  com.vod.project.Client  - Nowa cena dla: O_polnocy_w_Paryzu powinna zostaæ ustawiona!.
0    [main] INFO  com.vod.project.Client  - Nowa cena dla: Operacja_Geronimo powinna zostaæ ustawiona!.
0    [main] INFO  com.vod.project.Client  - Usuniêto: O_polnocy_w_Paryzu
0    [main] ERROR com.vod.project.Main  - com.vod.project.PriceException: Cena nie mo¿e byæ ni¿sza ni¿ 0
0    [main] FATAL com.vod.project.Main  - com.vod.project.PriceException: Cena nie mo¿e byæ ni¿sza ni¿ 0
0    [main] INFO  com.vod.project.Main  - com.vod.project.PriceException: Cena nie mo¿e byæ ni¿sza ni¿ 0
0    [main] WARN  com.vod.project.Main  - com.vod.project.PriceException: Cena nie mo¿e byæ ni¿sza ni¿ 0
0    [main] INFO  com.vod.project.Client  - Nowa cena dla: O_polnocy_w_Paryzu powinna zostaæ ustawiona!.
0    [main] INFO  com.vod.project.Client  - Nowa cena dla: Operacja_Geronimo powinna zostaæ ustawiona!.
0    [main] INFO  com.vod.project.Client  - Usuniêto: O_polnocy_w_Paryzu
0    [main] ERROR com.vod.project.Main  - com.vod.project.PriceException: Cena nie mo¿e byæ ni¿sza ni¿ 0
0    [main] FATAL com.vod.project.Main  - com.vod.project.PriceException: Cena nie mo¿e byæ ni¿sza ni¿ 0
0    [main] INFO  com.vod.project.Main  - com.vod.project.PriceException: Cena nie mo¿e byæ ni¿sza ni¿ 0
0    [main] WARN  com.vod.project.Main  - com.vod.project.PriceException: Cena nie mo¿e byæ ni¿sza ni¿ 0
0    [main] INFO  com.vod.project.Client  - Nowa cena dla: O_polnocy_w_Paryzu powinna zostaæ ustawiona!.
0    [main] INFO  com.vod.project.Client  - Nowa cena dla: Operacja_Geronimo powinna zostaæ ustawiona!.
0    [main] INFO  com.vod.project.Client  - Usuniêto: O_polnocy_w_Paryzu
0    [main] ERROR com.vod.project.Main  - com.vod.project.PriceException: Cena nie mo¿e byæ ni¿sza ni¿ 0
0    [main] FATAL com.vod.project.Main  - com.vod.project.PriceException: Cena nie mo¿e byæ ni¿sza ni¿ 0
0    [main] INFO  com.vod.project.Main  - com.vod.project.PriceException: Cena nie mo¿e byæ ni¿sza ni¿ 0
0    [main] WARN  com.vod.project.Main  - com.vod.project.PriceException: Cena nie mo¿e byæ ni¿sza ni¿ 0
0    [main] INFO  com.vod.project.Client  - Nowa cena dla: O_polnocy_w_Paryzu powinna zostaæ ustawiona!.
0    [main] INFO  com.vod.project.Client  - Nowa cena dla: Operacja_Geronimo powinna zostaæ ustawiona!.
0    [main] INFO  com.vod.project.Client  - Usuniêto: O_polnocy_w_Paryzu
0    [main] ERROR com.vod.project.Main  - com.vod.project.PriceException: Cena nie mo¿e byæ ni¿sza ni¿ 0
0    [main] FATAL com.vod.project.Main  - com.vod.project.PriceException: Cena nie mo¿e byæ ni¿sza ni¿ 0
0    [main] INFO  com.vod.project.Main  - com.vod.project.PriceException: Cena nie mo¿e byæ ni¿sza ni¿ 0
0    [main] WARN  com.vod.project.Main  - com.vod.project.PriceException: Cena nie mo¿e byæ ni¿sza ni¿ 0
0    [main] INFO  com.vod.project.Client  - Nowa cena dla: O_polnocy_w_Paryzu powinna zostaæ ustawiona!.
0    [main] INFO  com.vod.project.Client  - Nowa cena dla: Operacja_Geronimo powinna zostaæ ustawiona!.
0    [main] INFO  com.vod.project.Client  - Usuniêto: O_polnocy_w_Paryzu
0    [main] ERROR com.vod.project.Main  - com.vod.project.PriceException: Cena nie mo¿e byæ ni¿sza ni¿ 0
0    [main] FATAL com.vod.project.Main  - com.vod.project.PriceException: Cena nie mo¿e byæ ni¿sza ni¿ 0
0    [main] INFO  com.vod.project.Main  - com.vod.project.PriceException: Cena nie mo¿e byæ ni¿sza ni¿ 0
0    [main] WARN  com.vod.project.Main  - com.vod.project.PriceException: Cena nie mo¿e byæ ni¿sza ni¿ 0
0    [main] INFO  com.vod.project.Client  - Nowa cena dla: O_polnocy_w_Paryzu powinna zostaæ ustawiona!.
0    [main] INFO  com.vod.project.Client  - Nowa cena dla: Operacja_Geronimo powinna zostaæ ustawiona!.
0    [main] INFO  com.vod.project.Client  - Usuniêto: O_polnocy_w_Paryzu
0    [main] ERROR com.vod.project.Main  - com.vod.project.PriceException: Cena nie mo¿e byæ ni¿sza ni¿ 0
0    [main] FATAL com.vod.project.Main  - com.vod.project.PriceException: Cena nie mo¿e byæ ni¿sza ni¿ 0
0    [main] INFO  com.vod.project.Main  - com.vod.project.PriceException: Cena nie mo¿e byæ ni¿sza ni¿ 0
0    [main] WARN  com.vod.project.Main  - com.vod.project.PriceException: Cena nie mo¿e byæ ni¿sza ni¿ 0
0    [main] INFO  com.vod.project.Client  - Nowa cena dla: O_polnocy_w_Paryzu powinna zostaæ ustawiona!.
0    [main] INFO  com.vod.project.Client  - Nowa cena dla: Operacja_Geronimo powinna zostaæ ustawiona!.
0    [main] INFO  com.vod.project.Client  - Usuniêto: O_polnocy_w_Paryzu
0    [main] ERROR com.vod.project.Main  - com.vod.project.PriceException: Cena nie mo¿e byæ ni¿sza ni¿ 0
0    [main] FATAL com.vod.project.Main  - com.vod.project.PriceException: Cena nie mo¿e byæ ni¿sza ni¿ 0
0    [main] INFO  com.vod.project.Main  - com.vod.project.PriceException: Cena nie mo¿e byæ ni¿sza ni¿ 0
0    [main] WARN  com.vod.project.Main  - com.vod.project.PriceException: Cena nie mo¿e byæ ni¿sza ni¿ 0
0    [main] INFO  com.vod.project.Client  - Nowa cena dla: O_polnocy_w_Paryzu powinna zostaæ ustawiona!.
0    [main] INFO  com.vod.project.Client  - Nowa cena dla: Operacja_Geronimo powinna zostaæ ustawiona!.
0    [main] INFO  com.vod.project.Client  - Usuniêto: O_polnocy_w_Paryzu
0    [main] ERROR com.vod.project.Main  - com.vod.project.PriceException: Cena nie mo¿e byæ ni¿sza ni¿ 0
0    [main] FATAL com.vod.project.Main  - com.vod.project.PriceException: Cena nie mo¿e byæ ni¿sza ni¿ 0
0    [main] INFO  com.vod.project.Main  - com.vod.project.PriceException: Cena nie mo¿e byæ ni¿sza ni¿ 0
0    [main] WARN  com.vod.project.Main  - com.vod.project.PriceException: Cena nie mo¿e byæ ni¿sza ni¿ 0
0    [main] INFO  com.vod.project.Client  - Nowa cena dla: O_polnocy_w_Paryzu powinna zostaæ ustawiona!.
0    [main] INFO  com.vod.project.Client  - Nowa cena dla: Operacja_Geronimo powinna zostaæ ustawiona!.
0    [main] INFO  com.vod.project.Client  - Usuniêto: O_polnocy_w_Paryzu
0    [main] ERROR com.vod.project.Main  - com.vod.project.PriceException: Cena nie mo¿e byæ ni¿sza ni¿ 0
0    [main] FATAL com.vod.project.Main  - com.vod.project.PriceException: Cena nie mo¿e byæ ni¿sza ni¿ 0
0    [main] INFO  com.vod.project.Main  - com.vod.project.PriceException: Cena nie mo¿e byæ ni¿sza ni¿ 0
0    [main] WARN  com.vod.project.Main  - com.vod.project.PriceException: Cena nie mo¿e byæ ni¿sza ni¿ 0
0    [main] INFO  com.vod.project.Client  - Nowa cena dla: O_polnocy_w_Paryzu powinna zostaæ ustawiona!.
10   [main] INFO  com.vod.project.Client  - Nowa cena dla: Operacja_Geronimo powinna zostaæ ustawiona!.
10   [main] INFO  com.vod.project.Client  - Usuniêto: O_polnocy_w_Paryzu
10   [main] ERROR com.vod.project.Main  - com.vod.project.PriceException: Cena nie mo¿e byæ ni¿sza ni¿ 0
10   [main] FATAL com.vod.project.Main  - com.vod.project.PriceException: Cena nie mo¿e byæ ni¿sza ni¿ 0
10   [main] INFO  com.vod.project.Main  - com.vod.project.PriceException: Cena nie mo¿e byæ ni¿sza ni¿ 0
10   [main] WARN  com.vod.project.Main  - com.vod.project.PriceException: Cena nie mo¿e byæ ni¿sza ni¿ 0
0    [main] INFO  com.vod.project.Client  - Nowa cena dla: O_polnocy_w_Paryzu powinna zostaæ ustawiona!.
0    [main] INFO  com.vod.project.Client  - Nowa cena dla: Operacja_Geronimo powinna zostaæ ustawiona!.
0    [main] INFO  com.vod.project.Client  - Usuniêto: O_polnocy_w_Paryzu
0    [main] ERROR com.vod.project.Main  - com.vod.project.PriceException: Cena nie mo¿e byæ ni¿sza ni¿ 0
0    [main] FATAL com.vod.project.Main  - com.vod.project.PriceException: Cena nie mo¿e byæ ni¿sza ni¿ 0
0    [main] INFO  com.vod.project.Main  - com.vod.project.PriceException: Cena nie mo¿e byæ ni¿sza ni¿ 0
0    [main] WARN  com.vod.project.Main  - com.vod.project.PriceException: Cena nie mo¿e byæ ni¿sza ni¿ 0
0    [main] INFO  com.vod.project.Client  - Nowa cena dla: O_polnocy_w_Paryzu powinna zostaæ ustawiona!.
0    [main] INFO  com.vod.project.Client  - Nowa cena dla: Operacja_Geronimo powinna zostaæ ustawiona!.
0    [main] INFO  com.vod.project.Client  - Usuniêto: O_polnocy_w_Paryzu
0    [main] ERROR com.vod.project.Main  - com.vod.project.PriceException: Cena nie mo¿e byæ ni¿sza ni¿ 0
0    [main] FATAL com.vod.project.Main  - com.vod.project.PriceException: Cena nie mo¿e byæ ni¿sza ni¿ 0
0    [main] INFO  com.vod.project.Main  - com.vod.project.PriceException: Cena nie mo¿e byæ ni¿sza ni¿ 0
0    [main] WARN  com.vod.project.Main  - com.vod.project.PriceException: Cena nie mo¿e byæ ni¿sza ni¿ 0
0    [main] INFO  com.vod.project.Client  - Nowa cena dla: O_polnocy_w_Paryzu powinna zostaæ ustawiona!.
0    [main] INFO  com.vod.project.Client  - Nowa cena dla: Operacja_Geronimo powinna zostaæ ustawiona!.
0    [main] INFO  com.vod.project.Client  - Usuniêto: O_polnocy_w_Paryzu
0    [main] ERROR com.vod.project.Main  - com.vod.project.PriceException: Cena nie mo¿e byæ ni¿sza ni¿ 0
0    [main] FATAL com.vod.project.Main  - com.vod.project.PriceException: Cena nie mo¿e byæ ni¿sza ni¿ 0
0    [main] INFO  com.vod.project.Main  - com.vod.project.PriceException: Cena nie mo¿e byæ ni¿sza ni¿ 0
0    [main] WARN  com.vod.project.Main  - com.vod.project.PriceException: Cena nie mo¿e byæ ni¿sza ni¿ 0
0    [main] INFO  com.vod.project.Client  - Nowa cena dla: O_polnocy_w_Paryzu powinna zostaæ ustawiona!.
0    [main] INFO  com.vod.project.Client  - Nowa cena dla: Operacja_Geronimo powinna zostaæ ustawiona!.
0    [main] INFO  com.vod.project.Client  - Usuniêto: O_polnocy_w_Paryzu
0    [main] ERROR com.vod.project.Main  - com.vod.project.PriceException: Cena nie mo¿e byæ ni¿sza ni¿ 0
0    [main] FATAL com.vod.project.Main  - com.vod.project.PriceException: Cena nie mo¿e byæ ni¿sza ni¿ 0
0    [main] INFO  com.vod.project.Main  - com.vod.project.PriceException: Cena nie mo¿e byæ ni¿sza ni¿ 0
0    [main] WARN  com.vod.project.Main  - com.vod.project.PriceException: Cena nie mo¿e byæ ni¿sza ni¿ 0
